[debug] [2023-08-23T03:51:14.169Z] ----------------------------------------------------------------------
[debug] [2023-08-23T03:51:14.170Z] Command:       C:\Program Files\nodejs\node.exe C:\Users\Software Engineer\AppData\Roaming\npm\node_modules\firebase-tools\lib\bin\firebase.js init
[debug] [2023-08-23T03:51:14.171Z] CLI Version:   12.5.0
[debug] [2023-08-23T03:51:14.171Z] Platform:      win32
[debug] [2023-08-23T03:51:14.171Z] Node Version:  v18.17.1
[debug] [2023-08-23T03:51:14.172Z] Time:          Wed Aug 23 2023 11:51:14 GMT+0800 (台北標準時間)
[debug] [2023-08-23T03:51:14.172Z] ----------------------------------------------------------------------
[debug] 
[debug] [2023-08-23T03:51:14.178Z] > command requires scopes: ["email","openid","https://www.googleapis.com/auth/cloudplatformprojects.readonly","https://www.googleapis.com/auth/firebase","https://www.googleapis.com/auth/cloud-platform"]
[debug] [2023-08-23T03:51:14.178Z] > authorizing via signed-in user (stones4590@gmail.com)
[info] 
     ######## #### ########  ######## ########     ###     ######  ########
     ##        ##  ##     ## ##       ##     ##  ##   ##  ##       ##
     ######    ##  ########  ######   ########  #########  ######  ######
     ##        ##  ##    ##  ##       ##     ## ##     ##       ## ##
     ##       #### ##     ## ######## ########  ##     ##  ######  ########

You're about to initialize a Firebase project in this directory:

  D:\document\FlutterDocLogin-development

[info] 
=== Project Setup
[info] 
[info] First, let's associate this project directory with a Firebase project.
[info] You can create multiple project aliases by running firebase use --add, 
[info] but for now we'll just set up a default project.
[info] 
[debug] [2023-08-23T03:51:43.497Z] >>> [apiv2][query] GET https://firebase.googleapis.com/v1beta1/projects pageSize=100
[debug] [2023-08-23T03:51:44.049Z] <<< [apiv2][status] GET https://firebase.googleapis.com/v1beta1/projects 200
[debug] [2023-08-23T03:51:44.049Z] <<< [apiv2][body] GET https://firebase.googleapis.com/v1beta1/projects [omitted]
[info] i  Using project flutterdemo-1d56f (flutterdemo) 
[info] 
=== Database Setup
[info] i  database: ensuring required API firebasedatabase.googleapis.com is enabled... 
[debug] [2023-08-23T03:51:45.637Z] >>> [apiv2][query] GET https://serviceusage.googleapis.com/v1/projects/flutterdemo-1d56f/services/firebasedatabase.googleapis.com [none]
[debug] [2023-08-23T03:51:45.637Z] >>> [apiv2][(partial)header] GET https://serviceusage.googleapis.com/v1/projects/flutterdemo-1d56f/services/firebasedatabase.googleapis.com x-goog-quota-user=projects/flutterdemo-1d56f
[debug] [2023-08-23T03:51:46.795Z] <<< [apiv2][status] GET https://serviceusage.googleapis.com/v1/projects/flutterdemo-1d56f/services/firebasedatabase.googleapis.com 200
[debug] [2023-08-23T03:51:46.795Z] <<< [apiv2][body] GET https://serviceusage.googleapis.com/v1/projects/flutterdemo-1d56f/services/firebasedatabase.googleapis.com [omitted]
[warn] !  database: missing required API firebasedatabase.googleapis.com. Enabling now... 
[debug] [2023-08-23T03:51:46.796Z] >>> [apiv2][query] POST https://serviceusage.googleapis.com/v1/projects/flutterdemo-1d56f/services/firebasedatabase.googleapis.com:enable [none]
[debug] [2023-08-23T03:51:46.796Z] >>> [apiv2][(partial)header] POST https://serviceusage.googleapis.com/v1/projects/flutterdemo-1d56f/services/firebasedatabase.googleapis.com:enable x-goog-quota-user=projects/flutterdemo-1d56f
[debug] [2023-08-23T03:51:48.311Z] <<< [apiv2][status] POST https://serviceusage.googleapis.com/v1/projects/flutterdemo-1d56f/services/firebasedatabase.googleapis.com:enable 200
[debug] [2023-08-23T03:51:48.311Z] <<< [apiv2][body] POST https://serviceusage.googleapis.com/v1/projects/flutterdemo-1d56f/services/firebasedatabase.googleapis.com:enable [omitted]
[debug] [2023-08-23T03:51:58.322Z] >>> [apiv2][query] GET https://serviceusage.googleapis.com/v1/projects/flutterdemo-1d56f/services/firebasedatabase.googleapis.com [none]
[debug] [2023-08-23T03:51:58.322Z] >>> [apiv2][(partial)header] GET https://serviceusage.googleapis.com/v1/projects/flutterdemo-1d56f/services/firebasedatabase.googleapis.com x-goog-quota-user=projects/flutterdemo-1d56f
[debug] [2023-08-23T03:51:59.620Z] <<< [apiv2][status] GET https://serviceusage.googleapis.com/v1/projects/flutterdemo-1d56f/services/firebasedatabase.googleapis.com 200
